[10时18分11秒] Info: ----------------------------------------初始化
[10时18分11秒] Info: 进入接收消息线程
[10时18分16秒] Info: VisionRunState线程运行一次
[10时18分21秒] Info: VisionRunState线程运行一次
[10时18分26秒] Info: VisionRunState线程运行一次
[10时18分27秒] KeyInfo: renweiping用户登录成功！
[10时18分32秒] Info: VisionRunState线程运行一次
[10时18分37秒] Info: VisionRunState线程运行一次
[10时18分42秒] Info: VisionRunState线程运行一次
[10时18分47秒] Info: VisionRunState线程运行一次
[10时18分52秒] Info: VisionRunState线程运行一次
[10时18分57秒] Info: VisionRunState线程运行一次
[10时19分02秒] Info: VisionRunState线程运行一次
[10时19分07秒] Info: VisionRunState线程运行一次
[10时19分12秒] Info: VisionRunState线程运行一次
[10时19分17秒] Info: VisionRunState线程运行一次
[10时19分22秒] Info: VisionRunState线程运行一次
[10时19分27秒] Info: VisionRunState线程运行一次
[10时19分32秒] Info: VisionRunState线程运行一次
[10时19分37秒] Info: VisionRunState线程运行一次
[10时19分42秒] Info: VisionRunState线程运行一次
[10时19分47秒] Info: VisionRunState线程运行一次
[10时19分52秒] Info: VisionRunState线程运行一次
[10时19分57秒] Info: VisionRunState线程运行一次
[10时20分02秒] Info: VisionRunState线程运行一次
[10时20分07秒] Info: VisionRunState线程运行一次
[10时20分12秒] Info: VisionRunState线程运行一次
[10时20分17秒] Info: VisionRunState线程运行一次
[10时20分18秒] Info: 发送请求消息成功！
[10时20分22秒] Info: VisionRunState线程运行一次
[10时20分27秒] Info: VisionRunState线程运行一次
[10时20分32秒] Info: VisionRunState线程运行一次
[10时20分37秒] Info: VisionRunState线程运行一次
[10时20分43秒] Info: VisionRunState线程运行一次
[10时20分48秒] Info: VisionRunState线程运行一次
[10时20分53秒] Info: VisionRunState线程运行一次
[10时20分58秒] Info: VisionRunState线程运行一次
[10时21分03秒] Info: VisionRunState线程运行一次
[10时21分08秒] Info: VisionRunState线程运行一次
[10时21分13秒] Info: VisionRunState线程运行一次
[10时21分18秒] Info: VisionRunState线程运行一次
[10时21分20秒] Info: VisionRunState线程运行一次
[10时21分25秒] Info: VisionRunState线程运行一次
[10时21分30秒] Info: VisionRunState线程运行一次
[10时21分35秒] Info: VisionRunState线程运行一次
[10时21分40秒] Info: VisionRunState线程运行一次
[10时21分46秒] Info: VisionRunState线程运行一次
[10时21分51秒] Info: VisionRunState线程运行一次
[10时21分56秒] Info: VisionRunState线程运行一次
[10时22分01秒] Info: VisionRunState线程运行一次
[10时22分06秒] Info: VisionRunState线程运行一次
[10时22分07秒] Info: VisionRunState线程运行一次
[10时22分12秒] Info: VisionRunState线程运行一次
[10时22分25秒] KeyInfo: renweiping用户登出成功！
[10时25分20秒] Info: ----------------------------------------初始化
[10时25分20秒] Info: 进入接收消息线程
[10时25分25秒] Info: VisionRunState线程运行一次
[10时25分30秒] Info: VisionRunState线程运行一次
[10时25分35秒] Info: VisionRunState线程运行一次
[10时25分40秒] KeyInfo: renweiping用户登录成功！
[10时25分40秒] Info: VisionRunState线程运行一次
[10时25分45秒] Info: VisionRunState线程运行一次
[10时25分50秒] Info: VisionRunState线程运行一次
[10时25分56秒] Info: VisionRunState线程运行一次
[10时26分01秒] Info: VisionRunState线程运行一次
[10时26分06秒] Info: VisionRunState线程运行一次
[10时26分11秒] Info: VisionRunState线程运行一次
[10时26分16秒] Info: VisionRunState线程运行一次
[10时26分21秒] Info: VisionRunState线程运行一次
[10时26分26秒] Info: VisionRunState线程运行一次
[10时26分31秒] Info: VisionRunState线程运行一次
[10时26分36秒] Info: VisionRunState线程运行一次
[10时26分41秒] Info: VisionRunState线程运行一次
[10时26分46秒] Info: VisionRunState线程运行一次
[10时26分51秒] Info: VisionRunState线程运行一次
[10时26分56秒] Info: VisionRunState线程运行一次
[10时27分01秒] Info: VisionRunState线程运行一次
[10时27分06秒] Info: VisionRunState线程运行一次
[10时27分11秒] Info: VisionRunState线程运行一次
[10时27分16秒] Info: VisionRunState线程运行一次
[10时27分21秒] Info: VisionRunState线程运行一次
[10时27分26秒] Info: VisionRunState线程运行一次
[10时27分31秒] Info: VisionRunState线程运行一次
[10时27分36秒] Info: VisionRunState线程运行一次
[10时27分41秒] Info: VisionRunState线程运行一次
[10时35分32秒] Info: ----------------------------------------初始化
[10时35分32秒] Info: 进入接收消息线程
[10时35分37秒] Info: VisionRunState线程运行一次
[10时35分42秒] Info: VisionRunState线程运行一次
[10时35分47秒] Info: VisionRunState线程运行一次
[10时35分52秒] Info: VisionRunState线程运行一次
[10时35分57秒] Info: VisionRunState线程运行一次
[10时36分02秒] Info: VisionRunState线程运行一次
[10时36分07秒] Info: VisionRunState线程运行一次
[10时36分12秒] Info: VisionRunState线程运行一次
[10时36分17秒] Info: VisionRunState线程运行一次
[10时36分22秒] Info: VisionRunState线程运行一次
[10时36分27秒] Info: VisionRunState线程运行一次
[10时36分32秒] Info: VisionRunState线程运行一次
[10时36分37秒] Info: VisionRunState线程运行一次
[10时36分42秒] Info: VisionRunState线程运行一次
[10时36分47秒] Info: VisionRunState线程运行一次
[10时36分52秒] Info: VisionRunState线程运行一次
[10时36分57秒] Info: VisionRunState线程运行一次
[10时37分02秒] Info: VisionRunState线程运行一次
[10时37分07秒] Info: VisionRunState线程运行一次
[10时37分12秒] Info: VisionRunState线程运行一次
[10时37分17秒] Info: VisionRunState线程运行一次
[10时37分22秒] Info: VisionRunState线程运行一次
[10时37分27秒] Info: VisionRunState线程运行一次
[10时37分32秒] Info: VisionRunState线程运行一次
[10时37分37秒] Info: VisionRunState线程运行一次
[10时37分42秒] Info: VisionRunState线程运行一次
[10时37分47秒] Info: VisionRunState线程运行一次
[10时37分53秒] Info: VisionRunState线程运行一次
[10时37分58秒] Info: VisionRunState线程运行一次
[10时38分03秒] Info: VisionRunState线程运行一次
[10时38分08秒] Info: VisionRunState线程运行一次
[10时38分13秒] Info: VisionRunState线程运行一次
[10时38分18秒] Info: VisionRunState线程运行一次
[10时38分23秒] Info: VisionRunState线程运行一次
[10时38分28秒] Info: VisionRunState线程运行一次
[10时38分33秒] Info: VisionRunState线程运行一次
[10时38分38秒] Info: VisionRunState线程运行一次
[10时38分43秒] Info: VisionRunState线程运行一次
[10时38分48秒] Info: VisionRunState线程运行一次
[10时38分49秒] KeyInfo: renweiping用户登录成功！
[10时38分53秒] Info: VisionRunState线程运行一次
[10时38分58秒] Info: VisionRunState线程运行一次
[10时39分03秒] Info: VisionRunState线程运行一次
[10时39分08秒] Info: VisionRunState线程运行一次
[10时39分13秒] Info: VisionRunState线程运行一次
[10时39分18秒] Info: VisionRunState线程运行一次
[10时39分23秒] Info: VisionRunState线程运行一次
[10时39分28秒] Info: VisionRunState线程运行一次
[10时39分33秒] Info: VisionRunState线程运行一次
[10时39分38秒] Info: VisionRunState线程运行一次
[10时39分43秒] Info: VisionRunState线程运行一次
[10时39分48秒] Info: VisionRunState线程运行一次
[10时39分53秒] Info: VisionRunState线程运行一次
[10时39分58秒] Info: VisionRunState线程运行一次
[10时40分03秒] Info: VisionRunState线程运行一次
[10时40分08秒] Info: VisionRunState线程运行一次
[10时40分13秒] Info: VisionRunState线程运行一次
[10时40分18秒] Info: VisionRunState线程运行一次
[10时40分23秒] Info: VisionRunState线程运行一次
[10时40分28秒] Info: VisionRunState线程运行一次
[10时40分33秒] Info: VisionRunState线程运行一次
[10时40分38秒] Info: VisionRunState线程运行一次
[10时40分43秒] Info: VisionRunState线程运行一次
[10时40分49秒] Info: VisionRunState线程运行一次
[10时40分54秒] Info: VisionRunState线程运行一次
[10时40分59秒] Info: VisionRunState线程运行一次
[10时41分04秒] Info: VisionRunState线程运行一次
[10时41分09秒] Info: VisionRunState线程运行一次
[10时41分14秒] Info: VisionRunState线程运行一次
[10时41分19秒] Info: VisionRunState线程运行一次
[10时41分24秒] Info: VisionRunState线程运行一次
[10时41分29秒] Info: VisionRunState线程运行一次
[10时41分34秒] Info: VisionRunState线程运行一次
[10时41分39秒] Info: VisionRunState线程运行一次
[10时41分44秒] Info: VisionRunState线程运行一次
[10时41分49秒] Info: VisionRunState线程运行一次
[10时41分54秒] Info: VisionRunState线程运行一次
[10时41分59秒] Info: VisionRunState线程运行一次
[10时42分04秒] Info: VisionRunState线程运行一次
[10时42分09秒] Info: VisionRunState线程运行一次
[10时42分14秒] Info: VisionRunState线程运行一次
[10时42分19秒] Info: VisionRunState线程运行一次
[10时42分24秒] Info: VisionRunState线程运行一次
[10时42分29秒] Info: VisionRunState线程运行一次
[10时42分34秒] Info: VisionRunState线程运行一次
[10时42分39秒] Info: VisionRunState线程运行一次
[10时42分44秒] Info: VisionRunState线程运行一次
[10时42分49秒] Info: VisionRunState线程运行一次
[10时42分54秒] Info: VisionRunState线程运行一次
[10时42分59秒] Info: VisionRunState线程运行一次
[10时43分04秒] Info: VisionRunState线程运行一次
[10时43分09秒] Info: VisionRunState线程运行一次
[10时43分14秒] Info: VisionRunState线程运行一次
[10时43分19秒] Info: VisionRunState线程运行一次
[10时43分24秒] Info: VisionRunState线程运行一次
[10时43分29秒] Info: VisionRunState线程运行一次
[11时43分02秒] Info: ----------------------------------------初始化
[11时43分05秒] Info: ----------------------------------------初始化
[11时43分06秒] Info: ----------------------------------------初始化
[11时43分06秒] Info: ----------------------------------------初始化
[11时43分07秒] Info: ----------------------------------------初始化
[11时43分07秒] Info: ----------------------------------------初始化
[11时43分08秒] Info: ----------------------------------------初始化
[11时43分08秒] Info: ----------------------------------------初始化
[11时43分08秒] Info: ----------------------------------------初始化
[11时43分09秒] Info: ----------------------------------------初始化
[11时43分09秒] Info: ----------------------------------------初始化
[11时43分11秒] Info: ----------------------------------------初始化
[11时43分11秒] Info: ----------------------------------------初始化
[11时43分12秒] Info: ----------------------------------------初始化
[11时43分15秒] Info: ----------------------------------------初始化
[11时43分15秒] Info: ----------------------------------------初始化
[11时43分16秒] Info: ----------------------------------------初始化
[11时43分18秒] Info: ----------------------------------------初始化
[11时45分05秒] Info: ----------------------------------------初始化
[11时45分07秒] Info: 进入接收消息线程
[11时45分13秒] Info: ----------------------------------------初始化
[11时45分17秒] Info: 进入接收消息线程
[11时47分44秒] Info: ----------------------------------------初始化
[11时53分02秒] Info: ----------------------------------------初始化
[11时53分55秒] Info: ----------------------------------------初始化
[11时58分29秒] Info: ----------------------------------------初始化
[11时59分51秒] Info: ----------------------------------------初始化
[12时01分02秒] Info: ----------------------------------------初始化
[12时02分56秒] Info: ----------------------------------------初始化
[12时04分12秒] Info: 进入接收消息线程
[12时04分29秒] Info: ----------------------------------------初始化
[12时05分38秒] Info: ----------------------------------------初始化
[12时05分51秒] Info: 进入接收消息线程
[12时12分24秒] Info: ----------------------------------------初始化
[12时12分24秒] Info: 进入接收消息线程
[12时12分29秒] Info: VisionRunState线程运行一次
[12时12分34秒] Info: VisionRunState线程运行一次
[12时12分39秒] Info: VisionRunState线程运行一次
[12时12分45秒] Info: VisionRunState线程运行一次
[12时12分50秒] Info: VisionRunState线程运行一次
[12时12分55秒] Info: VisionRunState线程运行一次
[12时13分00秒] Info: VisionRunState线程运行一次
[12时13分05秒] Info: VisionRunState线程运行一次
[12时13分10秒] Info: VisionRunState线程运行一次
[12时13分15秒] Info: VisionRunState线程运行一次
[12时13分20秒] Info: VisionRunState线程运行一次
[12时13分25秒] Info: VisionRunState线程运行一次
[12时13分30秒] Info: VisionRunState线程运行一次
[12时13分35秒] Info: VisionRunState线程运行一次
[12时13分40秒] Info: VisionRunState线程运行一次
[12时13分45秒] Info: VisionRunState线程运行一次
[12时13分50秒] Info: VisionRunState线程运行一次
[12时13分55秒] Info: VisionRunState线程运行一次
[12时14分00秒] Info: VisionRunState线程运行一次
[12时14分05秒] Info: VisionRunState线程运行一次
[12时14分10秒] Info: VisionRunState线程运行一次
[12时14分15秒] Info: VisionRunState线程运行一次
[12时14分20秒] Info: VisionRunState线程运行一次
[12时14分25秒] Info: VisionRunState线程运行一次
[12时14分30秒] Info: VisionRunState线程运行一次
[12时14分35秒] Info: VisionRunState线程运行一次
[12时14分40秒] Info: VisionRunState线程运行一次
[12时14分45秒] Info: VisionRunState线程运行一次
[12时14分50秒] Info: VisionRunState线程运行一次
[12时14分55秒] Info: VisionRunState线程运行一次
[12时15分00秒] Info: VisionRunState线程运行一次
[12时15分05秒] Info: VisionRunState线程运行一次
[12时15分10秒] Info: VisionRunState线程运行一次
[12时15分15秒] Info: VisionRunState线程运行一次
[12时15分20秒] Info: VisionRunState线程运行一次
[12时15分25秒] Info: VisionRunState线程运行一次
[12时15分30秒] Info: VisionRunState线程运行一次
[12时15分35秒] Info: VisionRunState线程运行一次
[12时15分40秒] Info: VisionRunState线程运行一次
[12时15分45秒] Info: VisionRunState线程运行一次
[12时15分50秒] Info: VisionRunState线程运行一次
[12时15分55秒] Info: VisionRunState线程运行一次
[12时16分00秒] Info: VisionRunState线程运行一次
[12时16分05秒] Info: VisionRunState线程运行一次
[12时16分10秒] Info: VisionRunState线程运行一次
[12时16分15秒] Info: VisionRunState线程运行一次
[12时16分21秒] Info: VisionRunState线程运行一次
[12时16分26秒] Info: VisionRunState线程运行一次
[12时16分31秒] Info: VisionRunState线程运行一次
[12时16分36秒] Info: VisionRunState线程运行一次
[12时16分41秒] Info: VisionRunState线程运行一次
[12时16分46秒] Info: VisionRunState线程运行一次
[12时16分51秒] Info: VisionRunState线程运行一次
[12时16分56秒] Info: VisionRunState线程运行一次
[12时17分01秒] Info: VisionRunState线程运行一次
[12时17分06秒] Info: VisionRunState线程运行一次
[12时17分11秒] Info: VisionRunState线程运行一次
[12时17分16秒] Info: VisionRunState线程运行一次
[12时17分21秒] Info: VisionRunState线程运行一次
[12时17分26秒] Info: VisionRunState线程运行一次
[12时17分31秒] Info: VisionRunState线程运行一次
[12时17分36秒] Info: VisionRunState线程运行一次
[12时17分41秒] Info: VisionRunState线程运行一次
[12时17分46秒] Info: VisionRunState线程运行一次
[12时17分51秒] Info: VisionRunState线程运行一次
[12时17分56秒] Info: VisionRunState线程运行一次
[12时18分01秒] Info: VisionRunState线程运行一次
[12时18分06秒] Info: VisionRunState线程运行一次
[12时18分11秒] Info: VisionRunState线程运行一次
[12时18分16秒] Info: VisionRunState线程运行一次
[12时18分21秒] Info: VisionRunState线程运行一次
[12时18分26秒] Info: VisionRunState线程运行一次
[12时18分31秒] Info: VisionRunState线程运行一次
[12时18分36秒] Info: VisionRunState线程运行一次
[12时18分41秒] Info: VisionRunState线程运行一次
[12时18分46秒] Info: VisionRunState线程运行一次
[12时18分51秒] Info: VisionRunState线程运行一次
[12时18分56秒] Info: VisionRunState线程运行一次
[12时19分01秒] Info: VisionRunState线程运行一次
[12时19分06秒] Info: VisionRunState线程运行一次
[12时19分11秒] Info: VisionRunState线程运行一次
[12时19分16秒] Info: VisionRunState线程运行一次
[12时19分21秒] Info: VisionRunState线程运行一次
[12时19分26秒] Info: VisionRunState线程运行一次
[12时19分31秒] Info: VisionRunState线程运行一次
[12时19分36秒] Info: VisionRunState线程运行一次
[12时19分41秒] Info: VisionRunState线程运行一次
[12时19分47秒] Info: VisionRunState线程运行一次
[12时19分52秒] Info: VisionRunState线程运行一次
[12时19分57秒] Info: VisionRunState线程运行一次
[12时20分02秒] Info: VisionRunState线程运行一次
[12时20分07秒] Info: VisionRunState线程运行一次
[12时20分12秒] Info: VisionRunState线程运行一次
[12时20分17秒] Info: VisionRunState线程运行一次
[12时20分22秒] Info: VisionRunState线程运行一次
[12时20分27秒] Info: VisionRunState线程运行一次
[12时20分32秒] Info: VisionRunState线程运行一次
[12时20分37秒] Info: VisionRunState线程运行一次
[12时20分42秒] Info: VisionRunState线程运行一次
[12时20分47秒] Info: VisionRunState线程运行一次
[12时20分52秒] Info: VisionRunState线程运行一次
[12时20分57秒] Info: VisionRunState线程运行一次
[12时21分02秒] Info: VisionRunState线程运行一次
[12时21分07秒] Info: VisionRunState线程运行一次
[12时21分12秒] Info: VisionRunState线程运行一次
[12时21分17秒] Info: VisionRunState线程运行一次
[12时21分22秒] Info: VisionRunState线程运行一次
[12时21分27秒] Info: VisionRunState线程运行一次
[12时21分32秒] Info: VisionRunState线程运行一次
[12时21分37秒] Info: VisionRunState线程运行一次
[12时21分42秒] Info: VisionRunState线程运行一次
[12时21分47秒] Info: VisionRunState线程运行一次
[12时21分52秒] Info: VisionRunState线程运行一次
[12时21分57秒] Info: VisionRunState线程运行一次
[12时22分02秒] Info: VisionRunState线程运行一次
[12时22分07秒] Info: VisionRunState线程运行一次
[12时22分12秒] Info: VisionRunState线程运行一次
[12时22分17秒] Info: VisionRunState线程运行一次
[12时22分22秒] Info: VisionRunState线程运行一次
[12时22分27秒] Info: VisionRunState线程运行一次
[12时22分32秒] Info: VisionRunState线程运行一次
[12时22分37秒] Info: VisionRunState线程运行一次
[12时22分42秒] Info: VisionRunState线程运行一次
[12时22分47秒] Info: VisionRunState线程运行一次
[12时22分52秒] Info: VisionRunState线程运行一次
[12时22分57秒] Info: VisionRunState线程运行一次
[12时23分02秒] Info: VisionRunState线程运行一次
[12时23分07秒] Info: VisionRunState线程运行一次
[12时23分12秒] Info: VisionRunState线程运行一次
[12时23分17秒] Info: VisionRunState线程运行一次
[12时23分22秒] Info: VisionRunState线程运行一次
[12时23分28秒] Info: VisionRunState线程运行一次
[12时23分33秒] Info: VisionRunState线程运行一次
[12时23分38秒] Info: VisionRunState线程运行一次
[12时23分43秒] Info: VisionRunState线程运行一次
[12时23分48秒] Info: VisionRunState线程运行一次
[12时23分53秒] Info: VisionRunState线程运行一次
[12时23分58秒] Info: VisionRunState线程运行一次
[12时24分03秒] Info: VisionRunState线程运行一次
[12时24分08秒] Info: VisionRunState线程运行一次
[12时24分13秒] Info: VisionRunState线程运行一次
[12时24分18秒] Info: VisionRunState线程运行一次
[12时24分23秒] Info: VisionRunState线程运行一次
[12时24分28秒] Info: VisionRunState线程运行一次
[12时24分33秒] Info: VisionRunState线程运行一次
[12时24分38秒] Info: VisionRunState线程运行一次
[12时24分43秒] Info: VisionRunState线程运行一次
[12时24分48秒] Info: VisionRunState线程运行一次
[12时24分53秒] Info: VisionRunState线程运行一次
[12时24分58秒] Info: VisionRunState线程运行一次
[12时25分03秒] Info: VisionRunState线程运行一次
[12时25分08秒] Info: VisionRunState线程运行一次
[12时25分13秒] Info: VisionRunState线程运行一次
[12时25分18秒] Info: VisionRunState线程运行一次
[12时25分23秒] Info: VisionRunState线程运行一次
[12时25分28秒] Info: VisionRunState线程运行一次
[12时25分33秒] Info: VisionRunState线程运行一次
[12时25分38秒] Info: VisionRunState线程运行一次
[12时25分43秒] Info: VisionRunState线程运行一次
[12时25分48秒] Info: VisionRunState线程运行一次
[12时25分53秒] Info: VisionRunState线程运行一次
[12时25分58秒] Info: VisionRunState线程运行一次
[12时26分03秒] Info: VisionRunState线程运行一次
[12时26分03秒] KeyInfo: renweiping用户登录成功！
[12时26分08秒] Info: VisionRunState线程运行一次
[12时26分13秒] Info: VisionRunState线程运行一次
[12时26分18秒] Info: VisionRunState线程运行一次
[12时26分19秒] Info: VisionRunState线程运行一次
[12时26分24秒] Info: VisionRunState线程运行一次
